2025-12-17 15:47:32,643 INFO    MainThread:68176 [wandb_setup.py:_flush():80] Current SDK version is 0.23.1
2025-12-17 15:47:32,647 INFO    MainThread:68176 [wandb_setup.py:_flush():80] Configure stats pid to 68176
2025-12-17 15:47:32,647 INFO    MainThread:68176 [wandb_setup.py:_flush():80] Loading settings from C:\Users\18000\.config\wandb\settings
2025-12-17 15:47:32,647 INFO    MainThread:68176 [wandb_setup.py:_flush():80] Loading settings from C:\Users\18000\diffusion_mnist\wandb\settings
2025-12-17 15:47:32,647 INFO    MainThread:68176 [wandb_setup.py:_flush():80] Loading settings from environment variables
2025-12-17 15:47:32,647 INFO    MainThread:68176 [wandb_init.py:setup_run_log_directory():714] Logging user logs to C:\Users\18000\diffusion_mnist\wandb\run-20251217_154732-k31dbp2d\logs\debug.log
2025-12-17 15:47:32,647 INFO    MainThread:68176 [wandb_init.py:setup_run_log_directory():715] Logging internal logs to C:\Users\18000\diffusion_mnist\wandb\run-20251217_154732-k31dbp2d\logs\debug-internal.log
2025-12-17 15:47:32,647 INFO    MainThread:68176 [wandb_init.py:init():841] calling init triggers
2025-12-17 15:47:32,647 INFO    MainThread:68176 [wandb_init.py:init():846] wandb.init called with sweep_config: {}
config: {'epochs': 200, 'batch_size': 512, 'learning_rate': 0.001, 'image_size': 48, 'timesteps': 1000, 'device': 'cuda', 'amp': True, '_wandb': {}}
2025-12-17 15:47:32,647 INFO    MainThread:68176 [wandb_init.py:init():889] starting backend
2025-12-17 15:47:35,119 INFO    MainThread:68176 [wandb_init.py:init():892] sending inform_init request
2025-12-17 15:47:35,134 INFO    MainThread:68176 [wandb_init.py:init():900] backend started and connected
2025-12-17 15:47:35,164 INFO    MainThread:68176 [wandb_init.py:init():970] updated telemetry
2025-12-17 15:47:35,167 INFO    MainThread:68176 [wandb_init.py:init():994] communicating run to backend with 90.0 second timeout
2025-12-17 15:47:35,786 INFO    MainThread:68176 [wandb_init.py:init():1041] starting run threads in backend
2025-12-17 15:47:36,064 INFO    MainThread:68176 [wandb_run.py:_console_start():2521] atexit reg
2025-12-17 15:47:36,064 INFO    MainThread:68176 [wandb_run.py:_redirect():2369] redirect: wrap_raw
2025-12-17 15:47:36,065 INFO    MainThread:68176 [wandb_run.py:_redirect():2438] Wrapping output streams.
2025-12-17 15:47:36,065 INFO    MainThread:68176 [wandb_run.py:_redirect():2461] Redirects installed.
2025-12-17 15:47:36,069 INFO    MainThread:68176 [wandb_init.py:init():1081] run started, returning control to user process
2025-12-17 15:47:36,070 INFO    MainThread:68176 [wandb_watch.py:_watch():68] Watching
2025-12-17 15:50:10,536 ERROR   wandb-AsyncioManager-main:68176 [service_client.py:_forward_responses():77] Error reading server response.
Traceback (most recent call last):
  File "C:\Users\18000\miniconda3\envs\cs224r\Lib\asyncio\windows_events.py", line 494, in finish_recv
    return ov.getresult()
           ^^^^^^^^^^^^^^
OSError: [WinError 64] 指定的网络名不再可用。

During handling of the above exception, another exception occurred:

Traceback (most recent call last):
  File "C:\Users\18000\miniconda3\envs\cs224r\Lib\site-packages\wandb\sdk\lib\service\service_client.py", line 73, in _forward_responses
    while response := await self._read_server_response():
                      ^^^^^^^^^^^^^^^^^^^^^^^^^^^^^^^^^^
  File "C:\Users\18000\miniconda3\envs\cs224r\Lib\site-packages\wandb\sdk\lib\service\service_client.py", line 87, in _read_server_response
    header = await self._reader.readexactly(_HEADER_BYTE_INT_LEN)
             ^^^^^^^^^^^^^^^^^^^^^^^^^^^^^^^^^^^^^^^^^^^^^^^^^^^^
  File "C:\Users\18000\miniconda3\envs\cs224r\Lib\asyncio\streams.py", line 750, in readexactly
    await self._wait_for_data('readexactly')
  File "C:\Users\18000\miniconda3\envs\cs224r\Lib\asyncio\streams.py", line 543, in _wait_for_data
    await self._waiter
  File "C:\Users\18000\miniconda3\envs\cs224r\Lib\asyncio\proactor_events.py", line 286, in _loop_reading
    length = fut.result()
             ^^^^^^^^^^^^
  File "C:\Users\18000\miniconda3\envs\cs224r\Lib\asyncio\windows_events.py", line 854, in _poll
    value = callback(transferred, key, ov)
            ^^^^^^^^^^^^^^^^^^^^^^^^^^^^^^
  File "C:\Users\18000\miniconda3\envs\cs224r\Lib\asyncio\windows_events.py", line 498, in finish_recv
    raise ConnectionResetError(*exc.args)
ConnectionResetError: [WinError 64] 指定的网络名不再可用。
2025-12-17 15:50:10,546 INFO    wandb-AsyncioManager-main:68176 [mailbox.py:close():137] Closing mailbox, abandoning 1 handles.
